
          -------------------------------------------------------
          Amber 18 PMEMD                              2018
          -------------------------------------------------------

| PMEMD implementation of SANDER, Release 18

| Run on 01/26/2023 at 16:43:59

|   Executable path: /apps/eb/Amber/18-fosscuda-2018b-AmberTools-18-patchlevel-10-8/bin/pmemd.MPI
| Working directory: /scratch/jcu23686/Lab1_GFP_energy_minimization
|          Hostname: tcn25

  [-O]verwriting output

File Assignments:
|   MDIN: min_all.in                                                            
|  MDOUT: min_all.out                                                           
| INPCRD: gfp_min_solvent.rst7                                                  
|   PARM: gfp.parm7                                                             
| RESTRT: gfp_min_all.rst7                                                      
|   REFC: gfp_min_solvent.rst7                                                  
|  MDVEL: mdvel                                                                 
|   MDEN: mden                                                                  
|  MDCRD: mdcrd                                                                 
| MDINFO: mdinfo                                                                
|LOGFILE: logfile                                                               
|  MDFRC: mdfrc                                                                 


 Here is the input file:

Constant Volume Minimization of the entire system                              
 # Control section                                                             
 &cntrl                                                                        
  imin = 1, maxcyc = 25000, ncyc = 500, ntmin = 1,                             
  cut = 8.0,                                                                   
  ntb =1,                                                                      
 /                                                                             
END                                                                            
                                                                               


Note: ig = -1. Setting random seed to   634455 based on wallclock time in
      microseconds and disabling the synchronization of random numbers 
      between tasks to improve performance.
| irandom = 1, using AMBER's internal random number generator (default).
 
 
| Conditional Compilation Defines Used:
| MPI
| FFTW_FFT
| BINTRAJ
| EMIL

| Largest sphere to fit in unit cell has radius =    37.758

| New format PARM file being parsed.
| Version =    1.000 Date = 01/26/23 Time = 16:13:39

| Note: 1-4 EEL scale factors are being read from the topology file.

| Note: 1-4 VDW scale factors are being read from the topology file.
| Duplicated    0 dihedrals

| Duplicated    0 dihedrals

--------------------------------------------------------------------------------
   1.  RESOURCE   USE: 
--------------------------------------------------------------------------------

 getting box info from netcdf restart file
 NATOM  =   35130 NTYPES =      17 NBONH =   33309 MBONA  =    1859
 NTHETH =    4029 MTHETA =    2515 NPHIH =    8170 MPHIA  =    7907
 NHPARM =       0 NPARM  =       0 NNB   =   61853 NRES   =   10747
 NBONA  =    1859 NTHETA =    2515 NPHIA =    7907 NUMBND =      83
 NUMANG =     191 NPTRA  =     210 NATYP =      40 NPHB   =       1
 IFBOX  =       1 NMXRS  =      36 IFCAP =       0 NEXTRA =       0
 NCOPY  =       0

| Coordinate Index Table dimensions:    15   15   15
| Direct force subcell size =     5.0344    5.0852    5.0777

     BOX TYPE: RECTILINEAR

--------------------------------------------------------------------------------
   2.  CONTROL  DATA  FOR  THE  RUN
--------------------------------------------------------------------------------

default_name                                                                    

General flags:
     imin    =       1, nmropt  =       0

Nature and format of input:
     ntx     =       1, irest   =       0, ntrx    =       1

Nature and format of output:
     ntxo    =       2, ntpr    =      50, ntrx    =       1, ntwr    =       1
     iwrap   =       0, ntwx    =       0, ntwv    =       0, ntwe    =       0
     ioutfm  =       1, ntwprt  =       0, idecomp =       0, rbornstat=      0

Potential function:
     ntf     =       1, ntb     =       1, igb     =       0, nsnb    =      25
     ipol    =       0, gbsa    =       0, iesp    =       0
     dielc   =   1.00000, cut     =   8.00000, intdiel =   1.00000

Frozen or restrained atoms:
     ibelly  =       0, ntr     =       0

Energy minimization:
     maxcyc  =   25000, ncyc    =     500, ntmin   =       1
     dx0     =   0.01000, drms    =   0.00010

| Intermolecular bonds treatment:
|     no_intermolecular_bonds =       1

| Energy averages sample interval:
|     ene_avg_sampling =       1

Ewald parameters:
     verbose =       0, ew_type =       0, nbflag  =       1, use_pme =       1
     vdwmeth =       1, eedmeth =       1, netfrc  =       0
     Box X =   75.516   Box Y =   76.278   Box Z =   76.165
     Alpha =   90.000   Beta  =   90.000   Gamma =   90.000
     NFFT1 =   80       NFFT2 =   80       NFFT3 =   80
     Cutoff=    8.000   Tol   =0.100E-04
     Ewald Coefficient =  0.34864
     Interpolation order =    4

| PMEMD ewald parallel performance parameters:
|     block_fft =    0
|     fft_blk_y_divisor =    2
|     excl_recip =    0
|     excl_master =    0
|     atm_redist_freq =  320

--------------------------------------------------------------------------------
   3.  ATOMIC COORDINATES AND VELOCITIES
--------------------------------------------------------------------------------

default_name                                                                    
 begin time read from input coords =     0.000 ps

 
 Number of triangulated 3-point waters found:    10515

     Sum of charges from parm topology file =  -0.00000309
     Forcing neutrality...

| Dynamic Memory, Types Used:
| Reals             1320101
| Integers          1481516

| Nonbonded Pairs Initial Allocation:      800964

| Running AMBER/MPI version on   10 MPI task

 
--------------------------------------------------------------------------------
   4.  RESULTS
--------------------------------------------------------------------------------

 ---------------------------------------------------
 APPROXIMATING switch and d/dx switch using CUBIC SPLINE INTERPOLATION
 using   5000.0 points per unit in tabled values
 TESTING RELATIVE ERROR over r ranging from 0.0 to cutoff
| CHECK switch(x): max rel err =   0.2738E-14   at   2.422500
| CHECK d/dx switch(x): max rel err =   0.8332E-11   at   2.782960
 ---------------------------------------------------
|---------------------------------------------------
| APPROXIMATING direct energy using CUBIC SPLINE INTERPOLATION
|  with   50.0 points per unit in tabled values
| Relative Error Limit not exceeded for r .gt.   2.47
| APPROXIMATING direct force using CUBIC SPLINE INTERPOLATION
|  with   50.0 points per unit in tabled values
| Relative Error Limit not exceeded for r .gt.   2.89
|---------------------------------------------------


   NSTEP       ENERGY          RMS            GMAX         NAME    NUMBER
      1      -1.4065E+05     1.3021E+00     1.1877E+02     HG21     2921

 BOND    =    11515.7108  ANGLE   =      501.4875  DIHED      =     2665.4791
 VDWAALS =    31633.7466  EEL     =  -199104.4299  HBOND      =        0.0000
 1-4 VDW =     1026.9235  1-4 EEL =    11114.3327  RESTRAINT  =        0.0000


   NSTEP       ENERGY          RMS            GMAX         NAME    NUMBER
     50      -1.4141E+05     2.5905E-01     7.1666E+00     HE3      2475

 BOND    =    11523.2404  ANGLE   =      486.4328  DIHED      =     2671.6579
 VDWAALS =    31310.1642  EEL     =  -199111.9548  HBOND      =        0.0000
 1-4 VDW =      854.6369  1-4 EEL =    10860.5352  RESTRAINT  =        0.0000


   NSTEP       ENERGY          RMS            GMAX         NAME    NUMBER
    100      -1.4156E+05     5.2010E-01     2.5663E+01     CZ       1680

 BOND    =    11533.7313  ANGLE   =      493.9929  DIHED      =     2664.6687
 VDWAALS =    31263.5975  EEL     =  -199134.2302  HBOND      =        0.0000
 1-4 VDW =      805.5914  1-4 EEL =    10811.3368  RESTRAINT  =        0.0000


   NSTEP       ENERGY          RMS            GMAX         NAME    NUMBER
    150      -1.4165E+05     1.8691E-01     1.4308E+01     C         946

 BOND    =    11535.2075  ANGLE   =      498.3248  DIHED      =     2657.9732
 VDWAALS =    31241.0782  EEL     =  -199153.4876  HBOND      =        0.0000
 1-4 VDW =      782.5105  1-4 EEL =    10786.8641  RESTRAINT  =        0.0000


   NSTEP       ENERGY          RMS            GMAX         NAME    NUMBER
    200      -1.4171E+05     4.3402E-01     4.9124E+01     C1        959

 BOND    =    11540.4589  ANGLE   =      502.2135  DIHED      =     2651.5800
 VDWAALS =    31227.5825  EEL     =  -199168.7091  HBOND      =        0.0000
 1-4 VDW =      769.2209  1-4 EEL =    10771.6229  RESTRAINT  =        0.0000


   NSTEP       ENERGY          RMS            GMAX         NAME    NUMBER
    250      -1.4175E+05     2.9254E-01     2.5597E+01     C1        959

 BOND    =    11542.2288  ANGLE   =      502.7113  DIHED      =     2645.7712
 VDWAALS =    31218.2251  EEL     =  -199180.1759  HBOND      =        0.0000
 1-4 VDW =      760.6111  1-4 EEL =    10761.6728  RESTRAINT  =        0.0000


   NSTEP       ENERGY          RMS            GMAX         NAME    NUMBER
    300      -1.4178E+05     8.9707E-02     3.9917E+00     C1        959

 BOND    =    11542.2275  ANGLE   =      504.7676  DIHED      =     2640.5330
 VDWAALS =    31211.1714  EEL     =  -199189.6639  HBOND      =        0.0000
 1-4 VDW =      755.1901  1-4 EEL =    10755.0056  RESTRAINT  =        0.0000


   NSTEP       ENERGY          RMS            GMAX         NAME    NUMBER
    350      -1.4181E+05     2.1631E-01     2.2354E+01     C1        959

 BOND    =    11543.6825  ANGLE   =      506.9550  DIHED      =     2635.4502
 VDWAALS =    31205.5189  EEL     =  -199198.5752  HBOND      =        0.0000
 1-4 VDW =      751.0643  1-4 EEL =    10749.8292  RESTRAINT  =        0.0000


   NSTEP       ENERGY          RMS            GMAX         NAME    NUMBER
    400      -1.4183E+05     1.0795E-01     8.2016E+00     C1        959

 BOND    =    11544.6397  ANGLE   =      507.9221  DIHED      =     2630.7305
 VDWAALS =    31201.1157  EEL     =  -199207.2459  HBOND      =        0.0000
 1-4 VDW =      747.7863  1-4 EEL =    10746.0008  RESTRAINT  =        0.0000


   NSTEP       ENERGY          RMS            GMAX         NAME    NUMBER
    450      -1.4185E+05     2.0216E-01     1.7563E+01     C1        959

 BOND    =    11545.9430  ANGLE   =      509.3042  DIHED      =     2626.6466
 VDWAALS =    31197.5151  EEL     =  -199215.3279  HBOND      =        0.0000
 1-4 VDW =      745.3002  1-4 EEL =    10743.0211  RESTRAINT  =        0.0000


   NSTEP       ENERGY          RMS            GMAX         NAME    NUMBER
    500      -1.4186E+05     6.3082E-02     2.1210E+00     HG1      1479

 BOND    =    11545.6634  ANGLE   =      510.8938  DIHED      =     2623.2068
 VDWAALS =    31194.5464  EEL     =  -199222.7320  HBOND      =        0.0000
 1-4 VDW =      743.4283  1-4 EEL =    10740.6203  RESTRAINT  =        0.0000


   NSTEP       ENERGY          RMS            GMAX         NAME    NUMBER
    550      -1.4200E+05     2.3818E-01     1.8779E+01     C        3577

 BOND    =    11549.8416  ANGLE   =      527.4084  DIHED      =     2599.4604
 VDWAALS =    31186.4945  EEL     =  -199315.6101  HBOND      =        0.0000
 1-4 VDW =      732.7473  1-4 EEL =    10721.5829  RESTRAINT  =        0.0000


   NSTEP       ENERGY          RMS            GMAX         NAME    NUMBER
    600      -1.4202E+05     1.1620E-01     5.3115E+00     C        2407

 BOND    =    11551.8831  ANGLE   =      527.1469  DIHED      =     2595.2558
 VDWAALS =    31180.0605  EEL     =  -199326.1156  HBOND      =        0.0000
 1-4 VDW =      731.2941  1-4 EEL =    10717.6730  RESTRAINT  =        0.0000


   NSTEP       ENERGY          RMS            GMAX         NAME    NUMBER
    650      -1.4204E+05     1.4040E-01     1.0881E+01     CD         53

 BOND    =    11552.2763  ANGLE   =      528.5109  DIHED      =     2593.2936
 VDWAALS =    31178.8189  EEL     =  -199340.4269  HBOND      =        0.0000
 1-4 VDW =      730.6048  1-4 EEL =    10714.4112  RESTRAINT  =        0.0000


   NSTEP       ENERGY          RMS            GMAX         NAME    NUMBER
    700      -1.4206E+05     1.3353E-01     1.0357E+01     CD         53

 BOND    =    11552.2880  ANGLE   =      528.5706  DIHED      =     2591.7591
 VDWAALS =    31177.9337  EEL     =  -199351.4234  HBOND      =        0.0000
 1-4 VDW =      729.9510  1-4 EEL =    10711.9656  RESTRAINT  =        0.0000


   NSTEP       ENERGY          RMS            GMAX         NAME    NUMBER
    750      -1.4207E+05     1.2453E-01     8.7678E+00     CD         53

 BOND    =    11552.4301  ANGLE   =      528.4768  DIHED      =     2590.1882
 VDWAALS =    31176.4088  EEL     =  -199359.4890  HBOND      =        0.0000
 1-4 VDW =      729.3652  1-4 EEL =    10710.1835  RESTRAINT  =        0.0000


   NSTEP       ENERGY          RMS            GMAX         NAME    NUMBER
    800      -1.4208E+05     1.2940E-01     1.0099E+01     CD         53

 BOND    =    11552.4456  ANGLE   =      528.4480  DIHED      =     2588.8451
 VDWAALS =    31174.1083  EEL     =  -199365.7290  HBOND      =        0.0000
 1-4 VDW =      728.7297  1-4 EEL =    10708.9596  RESTRAINT  =        0.0000


   NSTEP       ENERGY          RMS            GMAX         NAME    NUMBER
    850      -1.4209E+05     1.1395E-01     7.8846E+00     CD         53

 BOND    =    11552.4161  ANGLE   =      528.3483  DIHED      =     2587.6293
 VDWAALS =    31171.4317  EEL     =  -199370.9990  HBOND      =        0.0000
 1-4 VDW =      728.1394  1-4 EEL =    10708.0432  RESTRAINT  =        0.0000


   NSTEP       ENERGY          RMS            GMAX         NAME    NUMBER
    900      -1.4210E+05     1.0562E-01     6.1044E+00     CD         53

 BOND    =    11552.3222  ANGLE   =      528.3576  DIHED      =     2586.5720
 VDWAALS =    31168.7696  EEL     =  -199375.8268  HBOND      =        0.0000
 1-4 VDW =      727.6104  1-4 EEL =    10707.2196  RESTRAINT  =        0.0000


   NSTEP       ENERGY          RMS            GMAX         NAME    NUMBER
    950      -1.4211E+05     1.1146E-01     6.9980E+00     CD       2719

 BOND    =    11552.4088  ANGLE   =      528.3903  DIHED      =     2585.6886
 VDWAALS =    31165.9580  EEL     =  -199379.8834  HBOND      =        0.0000
 1-4 VDW =      727.1227  1-4 EEL =    10706.4796  RESTRAINT  =        0.0000


   NSTEP       ENERGY          RMS            GMAX         NAME    NUMBER
   1000      -1.4212E+05     9.1285E-02     7.2731E+00     CD       2719

 BOND    =    11552.1357  ANGLE   =      528.4460  DIHED      =     2584.9975
 VDWAALS =    31162.5437  EEL     =  -199382.5531  HBOND      =        0.0000
 1-4 VDW =      726.7064  1-4 EEL =    10705.7554  RESTRAINT  =        0.0000


   NSTEP       ENERGY          RMS            GMAX         NAME    NUMBER
   1050      -1.4213E+05     1.0817E-01     1.1688E+01     CD       2719

 BOND    =    11551.9653  ANGLE   =      528.6686  DIHED      =     2584.6347
 VDWAALS =    31158.1078  EEL     =  -199384.6907  HBOND      =        0.0000
 1-4 VDW =      726.2788  1-4 EEL =    10705.1032  RESTRAINT  =        0.0000


   NSTEP       ENERGY          RMS            GMAX         NAME    NUMBER
   1100      -1.4214E+05     1.2414E-01     1.0987E+01     CD       2719

 BOND    =    11551.8412  ANGLE   =      529.0536  DIHED      =     2584.9577
 VDWAALS =    31154.2519  EEL     =  -199388.3661  HBOND      =        0.0000
 1-4 VDW =      726.0504  1-4 EEL =    10704.3392  RESTRAINT  =        0.0000


   NSTEP       ENERGY          RMS            GMAX         NAME    NUMBER
   1150      -1.4215E+05     1.0183E-01     5.4538E+00     CA          5

 BOND    =    11551.7770  ANGLE   =      529.4796  DIHED      =     2587.3658
 VDWAALS =    31152.4571  EEL     =  -199397.6396  HBOND      =        0.0000
 1-4 VDW =      725.8047  1-4 EEL =    10703.6770  RESTRAINT  =        0.0000


   NSTEP       ENERGY          RMS            GMAX         NAME    NUMBER
   1200      -1.4216E+05     1.1184E-01     6.9710E+00     CA          5

 BOND    =    11551.9821  ANGLE   =      529.1059  DIHED      =     2586.7373
 VDWAALS =    31149.3140  EEL     =  -199401.1599  HBOND      =        0.0000
 1-4 VDW =      725.7410  1-4 EEL =    10703.0861  RESTRAINT  =        0.0000


   NSTEP       ENERGY          RMS            GMAX         NAME    NUMBER
   1250      -1.4216E+05     1.8834E-01     1.6262E+01     CA          5

 BOND    =    11553.3851  ANGLE   =      529.6616  DIHED      =     2585.5789
 VDWAALS =    31144.9823  EEL     =  -199405.2605  HBOND      =        0.0000
 1-4 VDW =      725.5818  1-4 EEL =    10702.3490  RESTRAINT  =        0.0000


   NSTEP       ENERGY          RMS            GMAX         NAME    NUMBER
   1300      -1.4217E+05     7.6585E-02     4.5485E+00     CA          5

 BOND    =    11552.0455  ANGLE   =      529.4189  DIHED      =     2584.9029
 VDWAALS =    31142.1008  EEL     =  -199406.4992  HBOND      =        0.0000
 1-4 VDW =      725.2940  1-4 EEL =    10701.6440  RESTRAINT  =        0.0000


   NSTEP       ENERGY          RMS            GMAX         NAME    NUMBER
   1350      -1.4218E+05     8.6313E-02     5.1365E+00     CA          5

 BOND    =    11551.6498  ANGLE   =      529.8128  DIHED      =     2584.4961
 VDWAALS =    31138.5827  EEL     =  -199409.6441  HBOND      =        0.0000
 1-4 VDW =      725.2797  1-4 EEL =    10700.9313  RESTRAINT  =        0.0000


   NSTEP       ENERGY          RMS            GMAX         NAME    NUMBER
   1400      -1.4219E+05     1.1608E-01     6.6525E+00     OG1      1478

 BOND    =    11549.4115  ANGLE   =      530.1028  DIHED      =     2583.9738
 VDWAALS =    31135.1335  EEL     =  -199410.9979  HBOND      =        0.0000
 1-4 VDW =      725.2760  1-4 EEL =    10700.0736  RESTRAINT  =        0.0000


   NSTEP       ENERGY          RMS            GMAX         NAME    NUMBER
   1450      -1.4219E+05     1.1818E-01     6.4021E+00     CG2      1474

 BOND    =    11551.2962  ANGLE   =      530.3324  DIHED      =     2583.1329
 VDWAALS =    31135.6119  EEL     =  -199418.6961  HBOND      =        0.0000
 1-4 VDW =      724.9123  1-4 EEL =    10698.9177  RESTRAINT  =        0.0000


   NSTEP       ENERGY          RMS            GMAX         NAME    NUMBER
   1500      -1.4221E+05     3.0050E-01     2.7355E+01     H2      21978

 BOND    =    11558.2110  ANGLE   =      531.6990  DIHED      =     2579.5027
 VDWAALS =    31139.4738  EEL     =  -199434.6547  HBOND      =        0.0000
 1-4 VDW =      724.2734  1-4 EEL =    10695.5471  RESTRAINT  =        0.0000


   NSTEP       ENERGY          RMS            GMAX         NAME    NUMBER
   1550      -1.4222E+05     1.0896E-01     6.4288E+00     HD3      1958

 BOND    =    11554.1710  ANGLE   =      530.6403  DIHED      =     2577.4036
 VDWAALS =    31140.3081  EEL     =  -199437.8484  HBOND      =        0.0000
 1-4 VDW =      723.2097  1-4 EEL =    10693.9219  RESTRAINT  =        0.0000


   NSTEP       ENERGY          RMS            GMAX         NAME    NUMBER
   1600      -1.4222E+05     1.1655E-01     6.6335E+00     H2      21978

 BOND    =    11554.3279  ANGLE   =      531.3418  DIHED      =     2576.8326
 VDWAALS =    31142.0463  EEL     =  -199444.3823  HBOND      =        0.0000
 1-4 VDW =      723.2243  1-4 EEL =    10692.3028  RESTRAINT  =        0.0000


   NSTEP       ENERGY          RMS            GMAX         NAME    NUMBER
   1650      -1.4223E+05     1.4218E-01     1.3472E+01     CD       1709

 BOND    =    11555.0615  ANGLE   =      532.1486  DIHED      =     2576.4423
 VDWAALS =    31147.0681  EEL     =  -199455.6699  HBOND      =        0.0000
 1-4 VDW =      723.0319  1-4 EEL =    10691.2313  RESTRAINT  =        0.0000


   NSTEP       ENERGY          RMS            GMAX         NAME    NUMBER
   1700      -1.4224E+05     9.7952E-02     6.8121E+00     CD       2719

 BOND    =    11555.8688  ANGLE   =      532.3826  DIHED      =     2576.5076
 VDWAALS =    31148.5487  EEL     =  -199462.3626  HBOND      =        0.0000
 1-4 VDW =      722.9062  1-4 EEL =    10690.1015  RESTRAINT  =        0.0000


   NSTEP       ENERGY          RMS            GMAX         NAME    NUMBER
   1750      -1.4224E+05     1.1452E-01     9.8156E+00     CD       1956

 BOND    =    11556.2895  ANGLE   =      532.5460  DIHED      =     2576.0953
 VDWAALS =    31150.9599  EEL     =  -199470.9343  HBOND      =        0.0000
 1-4 VDW =      722.9319  1-4 EEL =    10689.5764  RESTRAINT  =        0.0000


   NSTEP       ENERGY          RMS            GMAX         NAME    NUMBER
   1800      -1.4225E+05     1.1360E-01     7.9817E+00     CG       1953

 BOND    =    11557.5166  ANGLE   =      532.7927  DIHED      =     2575.5447
 VDWAALS =    31155.2650  EEL     =  -199481.7040  HBOND      =        0.0000
 1-4 VDW =      722.6509  1-4 EEL =    10689.1948  RESTRAINT  =        0.0000


   NSTEP       ENERGY          RMS            GMAX         NAME    NUMBER
   1850      -1.4225E+05     1.3766E-01     1.2842E+01     C        3577

 BOND    =    11559.1747  ANGLE   =      533.7412  DIHED      =     2574.9147
 VDWAALS =    31158.9243  EEL     =  -199493.0539  HBOND      =        0.0000
 1-4 VDW =      722.8076  1-4 EEL =    10688.6919  RESTRAINT  =        0.0000


   NSTEP       ENERGY          RMS            GMAX         NAME    NUMBER
   1900      -1.4226E+05     1.0442E-01     8.1331E+00     H2      28719

 BOND    =    11558.6219  ANGLE   =      533.5356  DIHED      =     2574.3529
 VDWAALS =    31165.4403  EEL     =  -199503.6762  HBOND      =        0.0000
 1-4 VDW =      722.7927  1-4 EEL =    10688.5505  RESTRAINT  =        0.0000


   NSTEP       ENERGY          RMS            GMAX         NAME    NUMBER
   1950      -1.4226E+05     8.1561E-02     3.5322E+00     CD       1956

 BOND    =    11558.9995  ANGLE   =      533.5977  DIHED      =     2573.9855
 VDWAALS =    31168.7514  EEL     =  -199511.3310  HBOND      =        0.0000
 1-4 VDW =      722.6413  1-4 EEL =    10688.3985  RESTRAINT  =        0.0000


   NSTEP       ENERGY          RMS            GMAX         NAME    NUMBER
   2000      -1.4227E+05     5.5863E-02     3.8366E+00     C        3577

 BOND    =    11560.1260  ANGLE   =      533.6079  DIHED      =     2573.7121
 VDWAALS =    31172.2156  EEL     =  -199518.8773  HBOND      =        0.0000
 1-4 VDW =      722.6504  1-4 EEL =    10688.3346  RESTRAINT  =        0.0000


   NSTEP       ENERGY          RMS            GMAX         NAME    NUMBER
   2050      -1.4227E+05     5.8498E-02     4.1335E+00     CD       2719

 BOND    =    11560.5563  ANGLE   =      533.7029  DIHED      =     2573.6032
 VDWAALS =    31173.4680  EEL     =  -199522.2202  HBOND      =        0.0000
 1-4 VDW =      722.1966  1-4 EEL =    10688.4802  RESTRAINT  =        0.0000


   NSTEP       ENERGY          RMS            GMAX         NAME    NUMBER
   2100      -1.4228E+05     7.9368E-02     4.2306E+00     C        3577

 BOND    =    11562.0756  ANGLE   =      534.7141  DIHED      =     2572.9733
 VDWAALS =    31181.8571  EEL     =  -199539.8073  HBOND      =        0.0000
 1-4 VDW =      722.2158  1-4 EEL =    10687.3148  RESTRAINT  =        0.0000


   NSTEP       ENERGY          RMS            GMAX         NAME    NUMBER
   2150      -1.4228E+05     4.9432E-02     2.2770E+00     H1      18524

 BOND    =    11561.9635  ANGLE   =      534.3527  DIHED      =     2572.7721
 VDWAALS =    31184.3929  EEL     =  -199546.3780  HBOND      =        0.0000
 1-4 VDW =      722.1433  1-4 EEL =    10687.2649  RESTRAINT  =        0.0000


   NSTEP       ENERGY          RMS            GMAX         NAME    NUMBER
   2200      -1.4229E+05     3.6372E-02     1.8585E+00     CD       2719

 BOND    =    11562.6553  ANGLE   =      534.4751  DIHED      =     2572.5763
 VDWAALS =    31187.0361  EEL     =  -199552.2941  HBOND      =        0.0000
 1-4 VDW =      722.0887  1-4 EEL =    10687.0661  RESTRAINT  =        0.0000


   NSTEP       ENERGY          RMS            GMAX         NAME    NUMBER
   2250      -1.4229E+05     8.0768E-02     3.0676E+00     C         946

 BOND    =    11562.9850  ANGLE   =      534.5770  DIHED      =     2572.3435
 VDWAALS =    31190.1930  EEL     =  -199557.6937  HBOND      =        0.0000
 1-4 VDW =      722.0892  1-4 EEL =    10686.6934  RESTRAINT  =        0.0000


   NSTEP       ENERGY          RMS            GMAX         NAME    NUMBER
   2300      -1.4229E+05     4.5186E-02     1.4425E+00     CB       1776

 BOND    =    11562.5782  ANGLE   =      534.7176  DIHED      =     2572.1461
 VDWAALS =    31192.2645  EEL     =  -199561.2313  HBOND      =        0.0000
 1-4 VDW =      722.0663  1-4 EEL =    10686.4622  RESTRAINT  =        0.0000


   NSTEP       ENERGY          RMS            GMAX         NAME    NUMBER
   2350      -1.4229E+05     5.1520E-02     2.0111E+00     CB       1776

 BOND    =    11562.5934  ANGLE   =      534.8880  DIHED      =     2572.0391
 VDWAALS =    31193.4324  EEL     =  -199564.2703  HBOND      =        0.0000
 1-4 VDW =      722.0280  1-4 EEL =    10686.2855  RESTRAINT  =        0.0000


   NSTEP       ENERGY          RMS            GMAX         NAME    NUMBER
   2400      -1.4230E+05     4.0438E-02     2.8948E+00     C        3577

 BOND    =    11563.3932  ANGLE   =      535.0645  DIHED      =     2571.9435
 VDWAALS =    31193.9955  EEL     =  -199567.8575  HBOND      =        0.0000
 1-4 VDW =      721.9540  1-4 EEL =    10686.3342  RESTRAINT  =        0.0000


   NSTEP       ENERGY          RMS            GMAX         NAME    NUMBER
   2450      -1.4230E+05     3.7304E-02     2.7097E+00     C        3577

 BOND    =    11563.3183  ANGLE   =      535.1968  DIHED      =     2571.9112
 VDWAALS =    31194.1075  EEL     =  -199570.3998  HBOND      =        0.0000
 1-4 VDW =      721.9560  1-4 EEL =    10686.4294  RESTRAINT  =        0.0000


   NSTEP       ENERGY          RMS            GMAX         NAME    NUMBER
   2500      -1.4230E+05     3.6235E-02     1.5403E+00     CE       1959

 BOND    =    11563.7326  ANGLE   =      535.6232  DIHED      =     2571.8515
 VDWAALS =    31193.7906  EEL     =  -199575.4682  HBOND      =        0.0000
 1-4 VDW =      721.9548  1-4 EEL =    10686.0514  RESTRAINT  =        0.0000


   NSTEP       ENERGY          RMS            GMAX         NAME    NUMBER
   2550      -1.4230E+05     2.8038E-02     1.2978E+00     O       18376

 BOND    =    11563.4747  ANGLE   =      535.7760  DIHED      =     2571.7858
 VDWAALS =    31193.6213  EEL     =  -199576.9725  HBOND      =        0.0000
 1-4 VDW =      721.8121  1-4 EEL =    10686.0377  RESTRAINT  =        0.0000


   NSTEP       ENERGY          RMS            GMAX         NAME    NUMBER
   2600      -1.4231E+05     4.7538E-02     3.0034E+00     C        3577

 BOND    =    11563.6263  ANGLE   =      536.2223  DIHED      =     2571.5025
 VDWAALS =    31193.3404  EEL     =  -199579.7595  HBOND      =        0.0000
 1-4 VDW =      721.5872  1-4 EEL =    10685.3639  RESTRAINT  =        0.0000


   NSTEP       ENERGY          RMS            GMAX         NAME    NUMBER
   2650      -1.4231E+05     6.9259E-02     3.5876E+00     OD2       492

 BOND    =    11563.7092  ANGLE   =      536.3308  DIHED      =     2571.4413
 VDWAALS =    31194.0341  EEL     =  -199582.4296  HBOND      =        0.0000
 1-4 VDW =      721.6467  1-4 EEL =    10685.1603  RESTRAINT  =        0.0000


   NSTEP       ENERGY          RMS            GMAX         NAME    NUMBER
   2700      -1.4231E+05     5.2442E-02     2.4619E+00     CG       1953

 BOND    =    11563.8652  ANGLE   =      536.3755  DIHED      =     2571.3230
 VDWAALS =    31193.9538  EEL     =  -199584.4501  HBOND      =        0.0000
 1-4 VDW =      721.6889  1-4 EEL =    10684.8929  RESTRAINT  =        0.0000


   NSTEP       ENERGY          RMS            GMAX         NAME    NUMBER
   2750      -1.4232E+05     4.1174E-02     1.9076E+00     OD2       492

 BOND    =    11563.8753  ANGLE   =      536.7492  DIHED      =     2571.3031
 VDWAALS =    31192.8015  EEL     =  -199586.6650  HBOND      =        0.0000
 1-4 VDW =      721.6564  1-4 EEL =    10684.6184  RESTRAINT  =        0.0000


   NSTEP       ENERGY          RMS            GMAX         NAME    NUMBER
   2800      -1.4232E+05     3.7614E-02     1.3194E+00     CD       2719

 BOND    =    11564.2645  ANGLE   =      536.8248  DIHED      =     2571.2753
 VDWAALS =    31192.0380  EEL     =  -199590.1087  HBOND      =        0.0000
 1-4 VDW =      721.6298  1-4 EEL =    10684.4069  RESTRAINT  =        0.0000


   NSTEP       ENERGY          RMS            GMAX         NAME    NUMBER
   2850      -1.4233E+05     3.8689E-02     3.0493E+00     H2      25302

 BOND    =    11564.6628  ANGLE   =      537.4024  DIHED      =     2571.2953
 VDWAALS =    31192.9618  EEL     =  -199597.2519  HBOND      =        0.0000
 1-4 VDW =      721.5003  1-4 EEL =    10684.1662  RESTRAINT  =        0.0000


   NSTEP       ENERGY          RMS            GMAX         NAME    NUMBER
   2900      -1.4233E+05     3.1515E-02     1.4656E+00     H1      25301

 BOND    =    11564.8553  ANGLE   =      537.6049  DIHED      =     2571.2159
 VDWAALS =    31192.6364  EEL     =  -199599.9272  HBOND      =        0.0000
 1-4 VDW =      721.4164  1-4 EEL =    10683.7721  RESTRAINT  =        0.0000


   NSTEP       ENERGY          RMS            GMAX         NAME    NUMBER
   2950      -1.4233E+05     3.4806E-02     1.7508E+00     O       32656

 BOND    =    11564.6905  ANGLE   =      537.8837  DIHED      =     2571.0961
 VDWAALS =    31193.1812  EEL     =  -199602.3045  HBOND      =        0.0000
 1-4 VDW =      721.3126  1-4 EEL =    10683.5902  RESTRAINT  =        0.0000


   NSTEP       ENERGY          RMS            GMAX         NAME    NUMBER
   3000      -1.4233E+05     1.1408E-01     7.1255E+00     CD       2719

 BOND    =    11566.0898  ANGLE   =      538.2570  DIHED      =     2570.8056
 VDWAALS =    31193.4957  EEL     =  -199606.7155  HBOND      =        0.0000
 1-4 VDW =      720.9028  1-4 EEL =    10683.4531  RESTRAINT  =        0.0000


   NSTEP       ENERGY          RMS            GMAX         NAME    NUMBER
   3050      -1.4234E+05     1.5264E-01     1.0677E+01     CD       2719

 BOND    =    11566.8287  ANGLE   =      538.3733  DIHED      =     2569.7472
 VDWAALS =    31194.6239  EEL     =  -199612.5110  HBOND      =        0.0000
 1-4 VDW =      720.7475  1-4 EEL =    10682.2690  RESTRAINT  =        0.0000


   NSTEP       ENERGY          RMS            GMAX         NAME    NUMBER
   3100      -1.4234E+05     6.2145E-02     3.2457E+00     CD       2719

 BOND    =    11566.9507  ANGLE   =      538.6830  DIHED      =     2569.6534
 VDWAALS =    31195.4498  EEL     =  -199618.2128  HBOND      =        0.0000
 1-4 VDW =      720.8485  1-4 EEL =    10682.6761  RESTRAINT  =        0.0000


   NSTEP       ENERGY          RMS            GMAX         NAME    NUMBER
   3150      -1.4235E+05     6.9205E-02     3.4882E+00     C        3577

 BOND    =    11566.9973  ANGLE   =      538.4231  DIHED      =     2569.6304
 VDWAALS =    31196.5500  EEL     =  -199621.7272  HBOND      =        0.0000
 1-4 VDW =      721.0177  1-4 EEL =    10683.1184  RESTRAINT  =        0.0000


   NSTEP       ENERGY          RMS            GMAX         NAME    NUMBER
   3200      -1.4235E+05     2.2615E-02     1.6365E+00     CD         53

 BOND    =    11567.1614  ANGLE   =      538.4549  DIHED      =     2569.6952
 VDWAALS =    31196.5678  EEL     =  -199623.4665  HBOND      =        0.0000
 1-4 VDW =      721.0345  1-4 EEL =    10683.3437  RESTRAINT  =        0.0000


   NSTEP       ENERGY          RMS            GMAX         NAME    NUMBER
   3250      -1.4235E+05     2.6754E-02     1.4905E+00     H2      17085

 BOND    =    11567.7932  ANGLE   =      538.1986  DIHED      =     2569.9596
 VDWAALS =    31196.8572  EEL     =  -199629.0359  HBOND      =        0.0000
 1-4 VDW =      721.2346  1-4 EEL =    10684.3988  RESTRAINT  =        0.0000


   NSTEP       ENERGY          RMS            GMAX         NAME    NUMBER
   3300      -1.4235E+05     2.1343E-02     1.4190E+00     O       15499

 BOND    =    11567.7416  ANGLE   =      538.1922  DIHED      =     2570.3406
 VDWAALS =    31198.5076  EEL     =  -199635.0689  HBOND      =        0.0000
 1-4 VDW =      721.2953  1-4 EEL =    10684.6812  RESTRAINT  =        0.0000


   NSTEP       ENERGY          RMS            GMAX         NAME    NUMBER
   3350      -1.4236E+05     4.0012E-02     2.1976E+00     O       23530

 BOND    =    11568.5013  ANGLE   =      537.8600  DIHED      =     2571.2826
 VDWAALS =    31200.0900  EEL     =  -199644.4276  HBOND      =        0.0000
 1-4 VDW =      721.5424  1-4 EEL =    10685.4291  RESTRAINT  =        0.0000


   NSTEP       ENERGY          RMS            GMAX         NAME    NUMBER
   3400      -1.4236E+05     3.1259E-02     1.9440E+00     CD         53

 BOND    =    11568.7100  ANGLE   =      537.8679  DIHED      =     2571.4925
 VDWAALS =    31201.4489  EEL     =  -199648.5346  HBOND      =        0.0000
 1-4 VDW =      721.5604  1-4 EEL =    10685.3248  RESTRAINT  =        0.0000


   NSTEP       ENERGY          RMS            GMAX         NAME    NUMBER
   3450      -1.4237E+05     5.2236E-02     6.0086E+00     CD         53

 BOND    =    11569.5460  ANGLE   =      538.1515  DIHED      =     2571.8199
 VDWAALS =    31202.3509  EEL     =  -199656.8798  HBOND      =        0.0000
 1-4 VDW =      721.6444  1-4 EEL =    10684.9093  RESTRAINT  =        0.0000


   NSTEP       ENERGY          RMS            GMAX         NAME    NUMBER
   3500      -1.4237E+05     3.5194E-02     2.0348E+00     O       23530

 BOND    =    11569.6301  ANGLE   =      538.2270  DIHED      =     2571.6776
 VDWAALS =    31200.9061  EEL     =  -199658.3423  HBOND      =        0.0000
 1-4 VDW =      721.6251  1-4 EEL =    10684.8484  RESTRAINT  =        0.0000


   NSTEP       ENERGY          RMS            GMAX         NAME    NUMBER
   3550      -1.4237E+05     3.4442E-02     1.7979E+00     O       13585

 BOND    =    11569.7830  ANGLE   =      538.2882  DIHED      =     2571.6943
 VDWAALS =    31201.5299  EEL     =  -199661.4314  HBOND      =        0.0000
 1-4 VDW =      721.5907  1-4 EEL =    10684.7911  RESTRAINT  =        0.0000


   NSTEP       ENERGY          RMS            GMAX         NAME    NUMBER
   3600      -1.4238E+05     3.1468E-02     2.7011E+00     C        3577

 BOND    =    11569.8400  ANGLE   =      538.4884  DIHED      =     2571.6559
 VDWAALS =    31205.5681  EEL     =  -199669.3827  HBOND      =        0.0000
 1-4 VDW =      721.5408  1-4 EEL =    10684.4509  RESTRAINT  =        0.0000


   NSTEP       ENERGY          RMS            GMAX         NAME    NUMBER
   3650      -1.4238E+05     1.4174E-01     1.0097E+01     C        3577

 BOND    =    11569.2065  ANGLE   =      538.8626  DIHED      =     2571.5924
 VDWAALS =    31209.3033  EEL     =  -199674.0835  HBOND      =        0.0000
 1-4 VDW =      721.5707  1-4 EEL =    10684.2727  RESTRAINT  =        0.0000


   NSTEP       ENERGY          RMS            GMAX         NAME    NUMBER
   3700      -1.4238E+05     4.0339E-02     3.0591E+00     HD22     2911

 BOND    =    11570.6386  ANGLE   =      538.9821  DIHED      =     2571.8680
 VDWAALS =    31210.5079  EEL     =  -199678.5263  HBOND      =        0.0000
 1-4 VDW =      721.4860  1-4 EEL =    10684.1744  RESTRAINT  =        0.0000


   NSTEP       ENERGY          RMS            GMAX         NAME    NUMBER
   3750      -1.4238E+05     7.6628E-02     4.3125E+00     O       23530

 BOND    =    11572.3189  ANGLE   =      539.3211  DIHED      =     2571.7711
 VDWAALS =    31215.5187  EEL     =  -199687.8062  HBOND      =        0.0000
 1-4 VDW =      721.5897  1-4 EEL =    10684.2175  RESTRAINT  =        0.0000


   NSTEP       ENERGY          RMS            GMAX         NAME    NUMBER
   3800      -1.4239E+05     7.0921E-02     4.0914E+00     H1      13586

 BOND    =    11573.4112  ANGLE   =      539.4577  DIHED      =     2571.9210
 VDWAALS =    31227.2247  EEL     =  -199706.2200  HBOND      =        0.0000
 1-4 VDW =      721.7217  1-4 EEL =    10684.2431  RESTRAINT  =        0.0000


   NSTEP       ENERGY          RMS            GMAX         NAME    NUMBER
   3850      -1.4240E+05     9.5956E-02     6.0832E+00     H2      18741

 BOND    =    11574.0959  ANGLE   =      539.5772  DIHED      =     2571.8288
 VDWAALS =    31226.0293  EEL     =  -199713.1223  HBOND      =        0.0000
 1-4 VDW =      721.6583  1-4 EEL =    10684.6199  RESTRAINT  =        0.0000


   NSTEP       ENERGY          RMS            GMAX         NAME    NUMBER
   3900      -1.4240E+05     6.4786E-02     3.7364E+00     O       18739

 BOND    =    11574.2274  ANGLE   =      539.4007  DIHED      =     2571.0536
 VDWAALS =    31227.6318  EEL     =  -199719.9463  HBOND      =        0.0000
 1-4 VDW =      721.5608  1-4 EEL =    10684.9536  RESTRAINT  =        0.0000


   NSTEP       ENERGY          RMS            GMAX         NAME    NUMBER
   3950      -1.4241E+05     6.3943E-02     6.0976E+00     HG1       599

 BOND    =    11574.6781  ANGLE   =      539.1824  DIHED      =     2570.6619
 VDWAALS =    31230.6211  EEL     =  -199727.6489  HBOND      =        0.0000
 1-4 VDW =      721.7307  1-4 EEL =    10685.6592  RESTRAINT  =        0.0000


   NSTEP       ENERGY          RMS            GMAX         NAME    NUMBER
   4000      -1.4241E+05     5.5363E-02     3.0755E+00     HG1       599

 BOND    =    11574.5780  ANGLE   =      539.2081  DIHED      =     2570.5867
 VDWAALS =    31231.1132  EEL     =  -199730.7550  HBOND      =        0.0000
 1-4 VDW =      721.7134  1-4 EEL =    10686.2388  RESTRAINT  =        0.0000


   NSTEP       ENERGY          RMS            GMAX         NAME    NUMBER
   4050      -1.4241E+05     5.1312E-02     5.0228E+00     CG       2975

 BOND    =    11574.5964  ANGLE   =      539.3149  DIHED      =     2570.6404
 VDWAALS =    31232.2798  EEL     =  -199734.2680  HBOND      =        0.0000
 1-4 VDW =      721.7374  1-4 EEL =    10686.1520  RESTRAINT  =        0.0000


   NSTEP       ENERGY          RMS            GMAX         NAME    NUMBER
   4100      -1.4241E+05     5.1791E-02     2.8289E+00     O       18388

 BOND    =    11575.0844  ANGLE   =      539.4816  DIHED      =     2570.7901
 VDWAALS =    31233.1945  EEL     =  -199737.6828  HBOND      =        0.0000
 1-4 VDW =      721.6155  1-4 EEL =    10686.1702  RESTRAINT  =        0.0000


   NSTEP       ENERGY          RMS            GMAX         NAME    NUMBER
   4150      -1.4241E+05     1.8049E-02     9.8319E-01     CD       1439

 BOND    =    11575.0845  ANGLE   =      539.4199  DIHED      =     2570.8852
 VDWAALS =    31233.5438  EEL     =  -199738.6601  HBOND      =        0.0000
 1-4 VDW =      721.5826  1-4 EEL =    10685.9502  RESTRAINT  =        0.0000


   NSTEP       ENERGY          RMS            GMAX         NAME    NUMBER
   4200      -1.4241E+05     1.8501E-02     1.6262E+00     O       20224

 BOND    =    11575.1153  ANGLE   =      539.4852  DIHED      =     2570.9664
 VDWAALS =    31233.8907  EEL     =  -199739.5503  HBOND      =        0.0000
 1-4 VDW =      721.5429  1-4 EEL =    10685.8336  RESTRAINT  =        0.0000


   NSTEP       ENERGY          RMS            GMAX         NAME    NUMBER
   4250      -1.4242E+05     6.2660E-02     5.7067E+00     H1      16373

 BOND    =    11574.7983  ANGLE   =      540.1330  DIHED      =     2570.9822
 VDWAALS =    31234.1981  EEL     =  -199743.0786  HBOND      =        0.0000
 1-4 VDW =      721.9157  1-4 EEL =    10685.9535  RESTRAINT  =        0.0000


   NSTEP       ENERGY          RMS            GMAX         NAME    NUMBER
   4300      -1.4242E+05     1.3436E-01     1.9563E+01     H1      20495

 BOND    =    11577.3807  ANGLE   =      540.0402  DIHED      =     2571.9610
 VDWAALS =    31238.7061  EEL     =  -199756.5873  HBOND      =        0.0000
 1-4 VDW =      722.0273  1-4 EEL =    10686.6585  RESTRAINT  =        0.0000


   NSTEP       ENERGY          RMS            GMAX         NAME    NUMBER
   4350      -1.4242E+05     6.6475E-02     4.8224E+00     H1      20495

 BOND    =    11575.5488  ANGLE   =      539.8169  DIHED      =     2572.5703
 VDWAALS =    31236.2408  EEL     =  -199757.9162  HBOND      =        0.0000
 1-4 VDW =      722.0747  1-4 EEL =    10686.8143  RESTRAINT  =        0.0000


   NSTEP       ENERGY          RMS            GMAX         NAME    NUMBER
   4400      -1.4243E+05     3.4849E-02     3.3412E+00     CG2       594

 BOND    =    11576.4200  ANGLE   =      540.0528  DIHED      =     2572.6715
 VDWAALS =    31237.1253  EEL     =  -199760.7979  HBOND      =        0.0000
 1-4 VDW =      721.9167  1-4 EEL =    10686.3879  RESTRAINT  =        0.0000


   NSTEP       ENERGY          RMS            GMAX         NAME    NUMBER
   4450      -1.4243E+05     3.8652E-02     3.5227E+00     CD       2058

 BOND    =    11576.9219  ANGLE   =      540.4768  DIHED      =     2572.7851
 VDWAALS =    31239.2613  EEL     =  -199767.3795  HBOND      =        0.0000
 1-4 VDW =      721.9342  1-4 EEL =    10686.2420  RESTRAINT  =        0.0000


   NSTEP       ENERGY          RMS            GMAX         NAME    NUMBER
   4500      -1.4243E+05     1.7702E-02     1.0266E+00     N         588

 BOND    =    11577.1005  ANGLE   =      540.2988  DIHED      =     2572.7731
 VDWAALS =    31239.7921  EEL     =  -199768.4966  HBOND      =        0.0000
 1-4 VDW =      721.9197  1-4 EEL =    10686.0971  RESTRAINT  =        0.0000


   NSTEP       ENERGY          RMS            GMAX         NAME    NUMBER
   4550      -1.4243E+05     2.6614E-02     2.0130E+00     CB        592

 BOND    =    11577.4333  ANGLE   =      540.3804  DIHED      =     2572.8356
 VDWAALS =    31240.0436  EEL     =  -199769.6486  HBOND      =        0.0000
 1-4 VDW =      721.9714  1-4 EEL =    10685.9627  RESTRAINT  =        0.0000


   NSTEP       ENERGY          RMS            GMAX         NAME    NUMBER
   4600      -1.4243E+05     1.8980E-02     1.9400E+00     C        3577

 BOND    =    11577.3352  ANGLE   =      540.4691  DIHED      =     2572.8780
 VDWAALS =    31240.6258  EEL     =  -199771.0941  HBOND      =        0.0000
 1-4 VDW =      722.0272  1-4 EEL =    10685.9243  RESTRAINT  =        0.0000


   NSTEP       ENERGY          RMS            GMAX         NAME    NUMBER
   4650      -1.4243E+05     1.1148E-02     6.4499E-01     CB        592

 BOND    =    11577.5766  ANGLE   =      540.4369  DIHED      =     2572.9546
 VDWAALS =    31241.5148  EEL     =  -199773.1924  HBOND      =        0.0000
 1-4 VDW =      722.0435  1-4 EEL =    10685.8649  RESTRAINT  =        0.0000

     .... RESTARTED DUE TO LINMIN FAILURE ...


   NSTEP       ENERGY          RMS            GMAX         NAME    NUMBER
   4700      -1.4243E+05     5.6559E-02     7.9413E+00     C        3577

 BOND    =    11578.3331  ANGLE   =      540.3118  DIHED      =     2572.9943
 VDWAALS =    31242.3258  EEL     =  -199775.0463  HBOND      =        0.0000
 1-4 VDW =      722.0346  1-4 EEL =    10685.8584  RESTRAINT  =        0.0000


   NSTEP       ENERGY          RMS            GMAX         NAME    NUMBER
   4750      -1.4244E+05     4.9805E-02     2.5478E+00     H1      15998

 BOND    =    11579.1937  ANGLE   =      541.0283  DIHED      =     2573.7202
 VDWAALS =    31248.3273  EEL     =  -199787.1175  HBOND      =        0.0000
 1-4 VDW =      722.1917  1-4 EEL =    10685.3862  RESTRAINT  =        0.0000


   NSTEP       ENERGY          RMS            GMAX         NAME    NUMBER
   4800      -1.4244E+05     3.1545E-02     3.0053E+00     C        3577

 BOND    =    11579.4451  ANGLE   =      541.0546  DIHED      =     2573.7410
 VDWAALS =    31252.5445  EEL     =  -199793.0955  HBOND      =        0.0000
 1-4 VDW =      722.3158  1-4 EEL =    10685.2262  RESTRAINT  =        0.0000


   NSTEP       ENERGY          RMS            GMAX         NAME    NUMBER
   4850      -1.4244E+05     1.2350E-01     1.1973E+01     CD       2058

 BOND    =    11579.0053  ANGLE   =      541.7419  DIHED      =     2574.0233
 VDWAALS =    31257.5317  EEL     =  -199800.3321  HBOND      =        0.0000
 1-4 VDW =      722.4659  1-4 EEL =    10684.9708  RESTRAINT  =        0.0000


   NSTEP       ENERGY          RMS            GMAX         NAME    NUMBER
   4900      -1.4244E+05     8.1511E-02     3.7911E+00     CD       1439

 BOND    =    11580.4366  ANGLE   =      541.3818  DIHED      =     2574.0657
 VDWAALS =    31261.8777  EEL     =  -199807.9478  HBOND      =        0.0000
 1-4 VDW =      722.4319  1-4 EEL =    10684.7508  RESTRAINT  =        0.0000


   NSTEP       ENERGY          RMS            GMAX         NAME    NUMBER
   4950      -1.4244E+05     9.4988E-02     1.3265E+01     CD       1439

 BOND    =    11581.8727  ANGLE   =      540.8883  DIHED      =     2574.2226
 VDWAALS =    31265.4285  EEL     =  -199814.4489  HBOND      =        0.0000
 1-4 VDW =      722.3333  1-4 EEL =    10684.8433  RESTRAINT  =        0.0000


   NSTEP       ENERGY          RMS            GMAX         NAME    NUMBER
   5000      -1.4245E+05     3.0552E-02     1.7411E+00     CD       2719

 BOND    =    11582.2667  ANGLE   =      540.9671  DIHED      =     2574.2741
 VDWAALS =    31268.6654  EEL     =  -199819.6569  HBOND      =        0.0000
 1-4 VDW =      722.4197  1-4 EEL =    10684.6370  RESTRAINT  =        0.0000


   NSTEP       ENERGY          RMS            GMAX         NAME    NUMBER
   5050      -1.4245E+05     3.7692E-02     2.2529E+00     C        3577

 BOND    =    11582.6015  ANGLE   =      541.0081  DIHED      =     2574.3217
 VDWAALS =    31269.6280  EEL     =  -199821.5291  HBOND      =        0.0000
 1-4 VDW =      722.4474  1-4 EEL =    10684.5489  RESTRAINT  =        0.0000


   NSTEP       ENERGY          RMS            GMAX         NAME    NUMBER
   5100      -1.4245E+05     2.6158E-02     2.0607E+00     C        3577

 BOND    =    11582.6615  ANGLE   =      541.0193  DIHED      =     2574.3580
 VDWAALS =    31270.3243  EEL     =  -199822.6597  HBOND      =        0.0000
 1-4 VDW =      722.4877  1-4 EEL =    10684.5274  RESTRAINT  =        0.0000


   NSTEP       ENERGY          RMS            GMAX         NAME    NUMBER
   5150      -1.4245E+05     2.8899E-02     2.3308E+00     H1      13859

 BOND    =    11582.9716  ANGLE   =      541.0818  DIHED      =     2574.4663
 VDWAALS =    31271.4886  EEL     =  -199824.7405  HBOND      =        0.0000
 1-4 VDW =      722.5452  1-4 EEL =    10684.3496  RESTRAINT  =        0.0000


   NSTEP       ENERGY          RMS            GMAX         NAME    NUMBER
   5200      -1.4245E+05     8.2250E-03     4.8298E-01     H1      13859

 BOND    =    11583.0816  ANGLE   =      541.0832  DIHED      =     2574.4821
 VDWAALS =    31272.1800  EEL     =  -199825.8128  HBOND      =        0.0000
 1-4 VDW =      722.5507  1-4 EEL =    10684.2988  RESTRAINT  =        0.0000


   NSTEP       ENERGY          RMS            GMAX         NAME    NUMBER
   5250      -1.4245E+05     1.2406E-02     1.0755E+00     H2      13431

 BOND    =    11584.1748  ANGLE   =      541.2608  DIHED      =     2574.8901
 VDWAALS =    31275.4095  EEL     =  -199832.5901  HBOND      =        0.0000
 1-4 VDW =      722.6445  1-4 EEL =    10683.7896  RESTRAINT  =        0.0000


   NSTEP       ENERGY          RMS            GMAX         NAME    NUMBER
   5300      -1.4245E+05     7.8193E-03     4.8800E-01     C        3577

 BOND    =    11584.0923  ANGLE   =      541.2652  DIHED      =     2574.9003
 VDWAALS =    31275.5664  EEL     =  -199832.7523  HBOND      =        0.0000
 1-4 VDW =      722.6562  1-4 EEL =    10683.7454  RESTRAINT  =        0.0000


   NSTEP       ENERGY          RMS            GMAX         NAME    NUMBER
   5350      -1.4245E+05     1.5312E-02     8.9769E-01     CD       2719

 BOND    =    11584.1226  ANGLE   =      541.5578  DIHED      =     2575.1190
 VDWAALS =    31277.4268  EEL     =  -199836.3769  HBOND      =        0.0000
 1-4 VDW =      722.6661  1-4 EEL =    10683.3100  RESTRAINT  =        0.0000


   NSTEP       ENERGY          RMS            GMAX         NAME    NUMBER
   5400      -1.4245E+05     2.6995E-02     1.2729E+00     C        3577

 BOND    =    11583.8648  ANGLE   =      541.6075  DIHED      =     2575.1970
 VDWAALS =    31277.7952  EEL     =  -199837.2950  HBOND      =        0.0000
 1-4 VDW =      722.6940  1-4 EEL =    10683.1537  RESTRAINT  =        0.0000


   NSTEP       ENERGY          RMS            GMAX         NAME    NUMBER
   5450      -1.4245E+05     3.6537E-02     1.7584E+00     CB        592

 BOND    =    11585.1139  ANGLE   =      541.7560  DIHED      =     2575.3327
 VDWAALS =    31277.3013  EEL     =  -199839.1552  HBOND      =        0.0000
 1-4 VDW =      722.7462  1-4 EEL =    10683.0890  RESTRAINT  =        0.0000


   NSTEP       ENERGY          RMS            GMAX         NAME    NUMBER
   5500      -1.4246E+05     6.9696E-02     5.1027E+00     CD         68

 BOND    =    11586.2174  ANGLE   =      541.9073  DIHED      =     2575.3832
 VDWAALS =    31276.7745  EEL     =  -199840.9160  HBOND      =        0.0000
 1-4 VDW =      722.7341  1-4 EEL =    10682.7469  RESTRAINT  =        0.0000


   NSTEP       ENERGY          RMS            GMAX         NAME    NUMBER
   5550      -1.4246E+05     3.2287E-02     1.5902E+00     O       20320

 BOND    =    11584.1583  ANGLE   =      541.8419  DIHED      =     2575.3807
 VDWAALS =    31276.4553  EEL     =  -199839.4593  HBOND      =        0.0000
 1-4 VDW =      722.6294  1-4 EEL =    10682.7391  RESTRAINT  =        0.0000


   NSTEP       ENERGY          RMS            GMAX         NAME    NUMBER
   5600      -1.4246E+05     7.2453E-02     7.6912E+00     H2      17418

 BOND    =    11586.3498  ANGLE   =      541.9839  DIHED      =     2575.5759
 VDWAALS =    31275.3408  EEL     =  -199842.9354  HBOND      =        0.0000
 1-4 VDW =      722.5211  1-4 EEL =    10682.8471  RESTRAINT  =        0.0000


   NSTEP       ENERGY          RMS            GMAX         NAME    NUMBER
   5650      -1.4246E+05     3.9786E-02     3.0472E+00     O       17692

 BOND    =    11586.1467  ANGLE   =      542.1330  DIHED      =     2575.5294
 VDWAALS =    31273.6663  EEL     =  -199842.3192  HBOND      =        0.0000
 1-4 VDW =      722.4920  1-4 EEL =    10682.4170  RESTRAINT  =        0.0000


   NSTEP       ENERGY          RMS            GMAX         NAME    NUMBER
   5700      -1.4246E+05     7.3293E-02     6.7783E+00     C        3577

 BOND    =    11586.8363  ANGLE   =      542.3805  DIHED      =     2575.5670
 VDWAALS =    31272.0479  EEL     =  -199843.1258  HBOND      =        0.0000
 1-4 VDW =      722.3089  1-4 EEL =    10682.2288  RESTRAINT  =        0.0000


   NSTEP       ENERGY          RMS            GMAX         NAME    NUMBER
   5750      -1.4246E+05     7.8034E-03     3.4488E-01     C        3577

 BOND    =    11586.5540  ANGLE   =      542.1387  DIHED      =     2575.5332
 VDWAALS =    31273.0763  EEL     =  -199844.3909  HBOND      =        0.0000
 1-4 VDW =      722.4430  1-4 EEL =    10682.1962  RESTRAINT  =        0.0000


   NSTEP       ENERGY          RMS            GMAX         NAME    NUMBER
   5800      -1.4246E+05     2.5336E-02     1.0790E+00     C        3577

 BOND    =    11586.8632  ANGLE   =      541.9924  DIHED      =     2575.5425
 VDWAALS =    31278.1895  EEL     =  -199850.8918  HBOND      =        0.0000
 1-4 VDW =      722.6841  1-4 EEL =    10681.8790  RESTRAINT  =        0.0000


   NSTEP       ENERGY          RMS            GMAX         NAME    NUMBER
   5850      -1.4246E+05     2.0808E-02     1.1337E+00     NE2      2878

 BOND    =    11587.3381  ANGLE   =      542.0246  DIHED      =     2575.5885
 VDWAALS =    31278.5686  EEL     =  -199852.1026  HBOND      =        0.0000
 1-4 VDW =      722.6071  1-4 EEL =    10681.7663  RESTRAINT  =        0.0000


   NSTEP       ENERGY          RMS            GMAX         NAME    NUMBER
   5900      -1.4246E+05     1.1852E-02     8.6265E-01     O       17692

 BOND    =    11587.7116  ANGLE   =      542.1962  DIHED      =     2575.6598
 VDWAALS =    31278.7038  EEL     =  -199853.1477  HBOND      =        0.0000
 1-4 VDW =      722.6033  1-4 EEL =    10681.6898  RESTRAINT  =        0.0000

     .... RESTARTED DUE TO LINMIN FAILURE ...


   NSTEP       ENERGY          RMS            GMAX         NAME    NUMBER
   5950      -1.4246E+05     7.9283E-03     6.8808E-01     CG       2975

 BOND    =    11587.5154  ANGLE   =      542.1749  DIHED      =     2575.6468
 VDWAALS =    31278.7177  EEL     =  -199852.9362  HBOND      =        0.0000
 1-4 VDW =      722.5952  1-4 EEL =    10681.6945  RESTRAINT  =        0.0000


   NSTEP       ENERGY          RMS            GMAX         NAME    NUMBER
   6000      -1.4247E+05     1.6431E-02     6.5326E-01     CG         50

 BOND    =    11587.7645  ANGLE   =      542.2230  DIHED      =     2575.7112
 VDWAALS =    31279.7504  EEL     =  -199855.1287  HBOND      =        0.0000
 1-4 VDW =      722.6126  1-4 EEL =    10681.4780  RESTRAINT  =        0.0000


   NSTEP       ENERGY          RMS            GMAX         NAME    NUMBER
   6050      -1.4247E+05     1.7077E-02     8.4259E-01     CG         50

 BOND    =    11587.8160  ANGLE   =      542.2477  DIHED      =     2575.7560
 VDWAALS =    31280.1540  EEL     =  -199856.0469  HBOND      =        0.0000
 1-4 VDW =      722.6083  1-4 EEL =    10681.4084  RESTRAINT  =        0.0000


   NSTEP       ENERGY          RMS            GMAX         NAME    NUMBER
   6100      -1.4247E+05     1.3044E-02     7.1822E-01     H2       4947

 BOND    =    11588.7516  ANGLE   =      542.3849  DIHED      =     2575.8521
 VDWAALS =    31283.8252  EEL     =  -199862.6217  HBOND      =        0.0000
 1-4 VDW =      722.6561  1-4 EEL =    10681.0270  RESTRAINT  =        0.0000


   NSTEP       ENERGY          RMS            GMAX         NAME    NUMBER
   6150      -1.4247E+05     3.8948E-02     1.8908E+00     CG        255

 BOND    =    11591.3607  ANGLE   =      542.4268  DIHED      =     2575.9371
 VDWAALS =    31290.3339  EEL     =  -199874.7764  HBOND      =        0.0000
 1-4 VDW =      722.7528  1-4 EEL =    10680.8986  RESTRAINT  =        0.0000


   NSTEP       ENERGY          RMS            GMAX         NAME    NUMBER
   6200      -1.4247E+05     4.9332E-02     3.9909E+00     C        3577

 BOND    =    11590.5584  ANGLE   =      542.4022  DIHED      =     2576.0166
 VDWAALS =    31292.3903  EEL     =  -199877.4273  HBOND      =        0.0000
 1-4 VDW =      722.7262  1-4 EEL =    10680.9818  RESTRAINT  =        0.0000


   NSTEP       ENERGY          RMS            GMAX         NAME    NUMBER
   6250      -1.4247E+05     3.4087E-02     1.2171E+00     H2       4806

 BOND    =    11591.9126  ANGLE   =      542.2955  DIHED      =     2576.1570
 VDWAALS =    31298.3247  EEL     =  -199885.8926  HBOND      =        0.0000
 1-4 VDW =      722.8310  1-4 EEL =    10680.6603  RESTRAINT  =        0.0000


   NSTEP       ENERGY          RMS            GMAX         NAME    NUMBER
   6300      -1.4247E+05     1.1917E-02     4.2452E-01     CB       2747

 BOND    =    11591.8547  ANGLE   =      542.3844  DIHED      =     2576.2185
 VDWAALS =    31298.5835  EEL     =  -199886.7395  HBOND      =        0.0000
 1-4 VDW =      722.8468  1-4 EEL =    10680.6514  RESTRAINT  =        0.0000


   NSTEP       ENERGY          RMS            GMAX         NAME    NUMBER
   6350      -1.4248E+05     2.1421E-02     1.0678E+00     C        3577

 BOND    =    11592.5932  ANGLE   =      542.4509  DIHED      =     2576.4592
 VDWAALS =    31302.7349  EEL     =  -199893.2961  HBOND      =        0.0000
 1-4 VDW =      722.9059  1-4 EEL =    10680.3262  RESTRAINT  =        0.0000


   NSTEP       ENERGY          RMS            GMAX         NAME    NUMBER
   6400      -1.4248E+05     1.2231E-02     7.9858E-01     HB2      2714

 BOND    =    11592.7493  ANGLE   =      542.5278  DIHED      =     2576.5049
 VDWAALS =    31303.6786  EEL     =  -199894.8945  HBOND      =        0.0000
 1-4 VDW =      722.9020  1-4 EEL =    10680.2492  RESTRAINT  =        0.0000


   NSTEP       ENERGY          RMS            GMAX         NAME    NUMBER
   6450      -1.4248E+05     2.3548E-02     1.2726E+00     HB2      2714

 BOND    =    11594.1295  ANGLE   =      542.8071  DIHED      =     2576.8960
 VDWAALS =    31307.4940  EEL     =  -199904.4807  HBOND      =        0.0000
 1-4 VDW =      723.0040  1-4 EEL =    10679.8459  RESTRAINT  =        0.0000


   NSTEP       ENERGY          RMS            GMAX         NAME    NUMBER
   6500      -1.4248E+05     3.4330E-02     3.5951E+00     CG       1582

 BOND    =    11593.8214  ANGLE   =      542.7953  DIHED      =     2577.0785
 VDWAALS =    31303.7178  EEL     =  -199904.4373  HBOND      =        0.0000
 1-4 VDW =      723.0350  1-4 EEL =    10679.6610  RESTRAINT  =        0.0000


   NSTEP       ENERGY          RMS            GMAX         NAME    NUMBER
   6550      -1.4249E+05     3.0108E-02     2.5969E+00     CG       1007

 BOND    =    11593.9130  ANGLE   =      542.8671  DIHED      =     2577.1089
 VDWAALS =    31303.8215  EEL     =  -199906.3182  HBOND      =        0.0000
 1-4 VDW =      723.0410  1-4 EEL =    10679.5745  RESTRAINT  =        0.0000


   NSTEP       ENERGY          RMS            GMAX         NAME    NUMBER
   6600      -1.4249E+05     2.3176E-02     2.0359E+00     C        3577

 BOND    =    11594.5955  ANGLE   =      542.9801  DIHED      =     2577.1912
 VDWAALS =    31305.5522  EEL     =  -199910.8735  HBOND      =        0.0000
 1-4 VDW =      723.0056  1-4 EEL =    10679.3760  RESTRAINT  =        0.0000


   NSTEP       ENERGY          RMS            GMAX         NAME    NUMBER
   6650      -1.4249E+05     5.8065E-02     5.7243E+00     CD       2719

 BOND    =    11594.9128  ANGLE   =      543.1156  DIHED      =     2577.2425
 VDWAALS =    31306.1035  EEL     =  -199912.4456  HBOND      =        0.0000
 1-4 VDW =      722.9894  1-4 EEL =    10679.2539  RESTRAINT  =        0.0000


   NSTEP       ENERGY          RMS            GMAX         NAME    NUMBER
   6700      -1.4249E+05     1.8332E-02     8.7160E-01     CG       1007

 BOND    =    11594.8298  ANGLE   =      543.0099  DIHED      =     2577.3034
 VDWAALS =    31306.1555  EEL     =  -199912.8971  HBOND      =        0.0000
 1-4 VDW =      723.0358  1-4 EEL =    10679.1842  RESTRAINT  =        0.0000


   NSTEP       ENERGY          RMS            GMAX         NAME    NUMBER
   6750      -1.4249E+05     1.7985E-02     1.1652E+00     H2      14661

 BOND    =    11594.6772  ANGLE   =      543.0800  DIHED      =     2577.3344
 VDWAALS =    31306.5961  EEL     =  -199913.4456  HBOND      =        0.0000
 1-4 VDW =      723.0225  1-4 EEL =    10679.1738  RESTRAINT  =        0.0000

     .... RESTARTED DUE TO LINMIN FAILURE ...

     .... RESTARTED DUE TO LINMIN FAILURE ...


   NSTEP       ENERGY          RMS            GMAX         NAME    NUMBER
   6800      -1.4249E+05     1.7189E-02     1.9508E+00     C        3577

 BOND    =    11594.7684  ANGLE   =      543.0479  DIHED      =     2577.3270
 VDWAALS =    31306.6267  EEL     =  -199913.6138  HBOND      =        0.0000
 1-4 VDW =      723.0321  1-4 EEL =    10679.1983  RESTRAINT  =        0.0000


   NSTEP       ENERGY          RMS            GMAX         NAME    NUMBER
   6850      -1.4249E+05     2.5122E-02     1.5841E+00     CD       2719

 BOND    =    11595.3689  ANGLE   =      543.2064  DIHED      =     2577.5250
 VDWAALS =    31309.0438  EEL     =  -199918.2793  HBOND      =        0.0000
 1-4 VDW =      723.0881  1-4 EEL =    10678.9341  RESTRAINT  =        0.0000


   NSTEP       ENERGY          RMS            GMAX         NAME    NUMBER
   6900      -1.4249E+05     1.5770E-02     1.7722E+00     CD       2719

 BOND    =    11595.5442  ANGLE   =      543.1874  DIHED      =     2577.5225
 VDWAALS =    31308.9985  EEL     =  -199918.5006  HBOND      =        0.0000
 1-4 VDW =      723.0740  1-4 EEL =    10678.9097  RESTRAINT  =        0.0000

     .... RESTARTED DUE TO LINMIN FAILURE ...


                    FINAL RESULTS



   NSTEP       ENERGY          RMS            GMAX         NAME    NUMBER
   6923      -1.4249E+05     1.1675E-02     1.2560E+00     CD       2719

 BOND    =    11595.4850  ANGLE   =      543.1901  DIHED      =     2577.5252
 VDWAALS =    31309.0739  EEL     =  -199918.5559  HBOND      =        0.0000
 1-4 VDW =      723.0633  1-4 EEL =    10678.9335  RESTRAINT  =        0.0000

     ***** REPEATED LINMIN FAILURE *****
--------------------------------------------------------------------------------
   5.  TIMINGS
--------------------------------------------------------------------------------

|  NonSetup CPU Time in Major Routines, Average for All Tasks:
|
|     Routine           Sec        %
|     ------------------------------
|     DataDistrib      23.81   11.95
|     Nonbond         168.34   84.45
|     Bond              0.79    0.40
|     Angle             0.67    0.34
|     Dihedral          4.70    2.36
|     Shake             0.00    0.00
|     Other             1.03    0.52
|     ------------------------------
|     Total           199.34

|  PME Nonbond Pairlist CPU Time, Average for All Tasks:
|
|     Routine              Sec        %
|     ---------------------------------
|     Set Up Cit           0.34    0.17
|     Build List           3.71    1.86
|     ---------------------------------
|     Total                4.05    2.03

|  PME Direct Force CPU Time, Average for All Tasks:
|
|     Routine              Sec        %
|     ---------------------------------
|     NonBonded Calc     115.93   58.16
|     Exclude Masked       2.59    1.30
|     Other                4.49    2.25
|     ---------------------------------
|     Total              123.00   61.71

|  PME Reciprocal Force CPU Time, Average for All Tasks:
|
|     Routine              Sec        %
|     ---------------------------------
|     1D bspline           4.65    2.33
|     Grid Charges         4.19    2.10
|     Scalar Sum           5.35    2.68
|     Gradient Sum         5.84    2.93
|     FFT                 18.30    9.18
|     ---------------------------------
|     Total               38.34   19.23

|  PME Load Balancing CPU Time, Average for All Tasks:
|
|     Routine                 Sec        %
|     ------------------------------------
|     Atom Reassign           0.00    0.00
|     Image Reassign          0.00    0.00
|     FFT Reassign            0.00    0.00
|     ------------------------------------
|     Total                   0.00    0.00

|  Master Setup CPU time:            0.39 seconds
|  Master NonSetup CPU time:       199.33 seconds
|  Master Total CPU time:          199.72 seconds     0.06 hours

|  Master Setup wall time:           0    seconds
|  Master NonSetup wall time:      199    seconds
|  Master Total wall time:         199    seconds     0.06 hours
