            --------------------------------------------------------
                             AMBER SQM VERSION 17
 
                                     By
              Ross C. Walker, Michael F. Crowley, Scott Brozell,
                         Tim Giese, Andreas W. Goetz,
                        Tai-Sung Lee and David A. Case
 
            --------------------------------------------------------
 

--------------------------------------------------------------------------------
  QM CALCULATION INFO
--------------------------------------------------------------------------------

| QMMM: Citation for AMBER QMMM Run:
| QMMM: R.C. Walker, M.F. Crowley and D.A. Case, J. COMP. CHEM. 29:1019, 2008

QMMM: SINGLET STATE CALCULATION
QMMM: RHF CALCULATION, NO. OF DOUBLY OCCUPIED LEVELS = 61

| QMMM: *** Selected Hamiltonian *** 
| QMMM: AM1         

| QMMM: *** Parameter sets in use ***
| QMMM: N : M.J.S.DEWAR et al. JACS, 107, 3902, (1985)
| QMMM: C : M.J.S.DEWAR et al. JACS, 107, 3902, (1985)
| QMMM: O : M.J.S.DEWAR et al. JACS, 107, 3902, (1985)
| QMMM: H : M.J.S.DEWAR et al. JACS, 107, 3902, (1985)

| QMMM: *** SCF convergence criteria ***
| QMMM: Energy change                :  0.1D-09 kcal/mol
| QMMM: Error matrix |FP-PF|         :  0.1D+00 au
| QMMM: Density matrix change        :  0.5D-06
| QMMM: Maximum number of SCF cycles :     1000

| QMMM: *** Diagonalization Routine Information ***
| QMMM: Pseudo diagonalizations are allowed.
| QMMM: Auto diagonalization routine selection is in use.
| QMMM:
| QMMM: Timing diagonalization routines:
| QMMM:                              norbs =      109
| QMMM:    diag iterations used for timing =       10
| QMMM:
| QMMM:              Internal diag routine = 0.030565 seconds
| QMMM:                 Dspev diag routine = ******** seconds
| QMMM:                Dspevd diag routine = 9.892573 seconds
| QMMM:                Dspevx diag routine = ******** seconds
| QMMM:                 Dsyev diag routine = ******** seconds
| QMMM:                Dsyevd diag routine = ******** seconds
| QMMM:                Dsyevr diag routine = ******** seconds
| QMMM:
| QMMM:                Pseudo diag routine = 0.015389 seconds
| QMMM:
| QMMM: Using internal diagonalization routine (diag_routine=1).

  QMMM: QM Region Cartesian Coordinates (*=link atom) 
  QMMM: QM_NO.   MM_NO.  ATOM         X         Y         Z
  QMMM:     1        1      N       -0.8870   -2.4570   -1.6710
  QMMM:     2        2      C       -1.7960   -1.6130   -0.8830
  QMMM:     3        3      C       -2.0510   -2.2680    0.4760
  QMMM:     4        4      C       -2.5690   -3.6930    0.2670
  QMMM:     5        5      O       -0.8320   -2.3090    1.2210
  QMMM:     6        6      C       -1.1710   -0.2570   -0.6780
  QMMM:     7        7      N        0.1000   -0.0540   -0.5230
  QMMM:     8        8      N       -1.8710    0.9160   -0.6370
  QMMM:     9        9      C       -0.9960    1.9270   -0.4390
  QMMM:    10       10      O       -1.2480    3.1150   -0.3470
  QMMM:    11       11      C        0.3270    1.2850   -0.3620
  QMMM:    12       12      C       -3.3220    1.0540   -0.7830
  QMMM:    13       13      C       -3.9740    0.9600    0.5720
  QMMM:    14       14      O       -3.2970    0.7940    1.5590
  QMMM:    15       15      C        1.5430    1.9040   -0.1690
  QMMM:    16       16      C        2.7570    1.1010   -0.0080
  QMMM:    17       17      C        2.7090   -0.2900   -0.1800
  QMMM:    18       18      C        3.9730    1.7210    0.3130
  QMMM:    19       19      C        3.8500   -1.0350   -0.0330
  QMMM:    20       20      C        5.1070    0.9640    0.4630
  QMMM:    21       21      C        5.0540   -0.4150    0.2850
  QMMM:    22       22      O        6.1800   -1.1580    0.4290
  QMMM:    23       23      O       -5.3080    1.0600    0.6820
  QMMM:    24       24      H       -0.0040   -2.5760   -1.1980
  QMMM:    25       25      H       -1.3110   -3.3490   -1.8770
  QMMM:    26       26      H       -2.7410   -1.5010   -1.4150
  QMMM:    27       27      H       -2.7930   -1.6890    1.0260
  QMMM:    28       28      H       -1.8270   -4.2720   -0.2830
  QMMM:    29       29      H       -2.7500   -4.1590    1.2350
  QMMM:    30       30      H       -3.4990   -3.6610   -0.3010
  QMMM:    31       31      H       -0.1250   -2.8100    0.7910
  QMMM:    32       32      H       -3.5510    2.0210   -1.2310
  QMMM:    33       33      H       -3.7000    0.2580   -1.4250
  QMMM:    34       34      H       -5.6810    0.9940    1.5720
  QMMM:    35       35      H        1.6000    2.9820   -0.1380
  QMMM:    36       36      H        1.7750   -0.7720   -0.4270
  QMMM:    37       37      H        4.0170    2.7920    0.4420
  QMMM:    38       38      H        3.8160   -2.1060   -0.1700
  QMMM:    39       39      H        6.0440    1.4400    0.7100
  QMMM:    40       40      H        6.6820   -1.2740   -0.3890

--------------------------------------------------------------------------------
  RESULTS
--------------------------------------------------------------------------------

      iter         sqm energy              rms gradient
      ----    -------------------    -----------------------
xmin    10     -135.1874 kcal/mol        2.3031 kcal/(mol*A)
xmin    20     -136.9624 kcal/mol        0.6922 kcal/(mol*A)
xmin    30     -137.8072 kcal/mol        0.2252 kcal/(mol*A)
xmin    40     -137.9316 kcal/mol        0.3196 kcal/(mol*A)
xmin    50     -137.9629 kcal/mol        0.0906 kcal/(mol*A)
xmin    60     -137.9683 kcal/mol        0.0597 kcal/(mol*A)
xmin    70     -137.9793 kcal/mol        0.4945 kcal/(mol*A)
xmin    80     -138.0364 kcal/mol        0.0939 kcal/(mol*A)
xmin    90     -138.2297 kcal/mol        0.1620 kcal/(mol*A)
xmin   100     -138.3341 kcal/mol        0.2032 kcal/(mol*A)
xmin   110     -138.5356 kcal/mol        0.4540 kcal/(mol*A)
xmin   120     -138.6932 kcal/mol        0.1347 kcal/(mol*A)
xmin   130     -138.7353 kcal/mol        0.0960 kcal/(mol*A)
xmin   140     -138.7522 kcal/mol        0.0668 kcal/(mol*A)
xmin   150     -138.7620 kcal/mol        0.1743 kcal/(mol*A)
xmin   160     -138.7676 kcal/mol        0.0724 kcal/(mol*A)
xmin   170     -138.5035 kcal/mol        2.5716 kcal/(mol*A)
xmin   180     -138.7894 kcal/mol        0.1566 kcal/(mol*A)
xmin   190     -138.7985 kcal/mol        0.0292 kcal/(mol*A)
xmin   200     -138.8035 kcal/mol        0.0549 kcal/(mol*A)
xmin   210     -138.8103 kcal/mol        0.0285 kcal/(mol*A)
xmin   220     -138.8216 kcal/mol        0.1616 kcal/(mol*A)
xmin   230     -138.8484 kcal/mol        0.0620 kcal/(mol*A)
xmin   240     -138.8513 kcal/mol        0.0520 kcal/(mol*A)
xmin   250     -138.8522 kcal/mol        0.0550 kcal/(mol*A)
xmin   260     -138.8530 kcal/mol        0.0279 kcal/(mol*A)
xmin   270     -138.8542 kcal/mol        0.0156 kcal/(mol*A)
xmin   280     -138.8544 kcal/mol        0.0184 kcal/(mol*A)
xmin   290     -138.8548 kcal/mol        0.0046 kcal/(mol*A)
xmin   300     -138.8548 kcal/mol        0.0041 kcal/(mol*A)
xmin   310     -138.8549 kcal/mol        0.0066 kcal/(mol*A)
xmin   320     -138.8549 kcal/mol        0.0043 kcal/(mol*A)
xmin   330     -138.8549 kcal/mol        0.0016 kcal/(mol*A)
xmin   340     -138.8549 kcal/mol        0.0011 kcal/(mol*A)
xmin   350     -138.8549 kcal/mol        0.0017 kcal/(mol*A)
  ... geometry converged !
 
 Final MO eigenvalues (eV):
 -41.8048  -40.7785  -40.4179  -39.5114  -38.0720  -37.8626  -36.9146  -35.5988
 -35.3373  -33.0939  -31.8153  -31.6256  -29.6848  -29.2263  -27.4050  -24.8628
 -23.9467  -23.3750  -23.2520  -21.9905  -20.7941  -20.5226  -19.3013  -19.2063
 -18.5167  -17.9547  -17.8211  -17.3926  -17.2440  -16.7910  -16.7317  -16.4738
 -16.1386  -15.9163  -15.8253  -15.5482  -15.2613  -14.8498  -14.6583  -14.5148
 -14.3924  -14.2173  -13.9207  -13.8163  -13.3717  -13.1314  -13.0269  -12.9672
 -12.7949  -12.6881  -12.5284  -12.2794  -12.0890  -12.0001  -11.9451  -11.1226
 -10.7512  -10.1561  -10.0043   -9.9049   -8.6466   -1.0050    0.3256    0.4838
   0.5576    1.0768    1.1748    1.9557    2.0912    2.5881    2.7288    2.8025
   2.8387    3.1807    3.2188    3.2921    3.3717    3.5711    3.6229    3.6446
   3.7337    3.7447    3.7980    3.8751    3.9737    4.0383    4.0569    4.2223
   4.4234    4.4587    4.5855    4.6296    4.7081    4.7209    4.8599    4.9612
   5.0314    5.0901    5.2526    5.4488    5.5409    5.6233    5.6643    5.8599
   6.0662    6.1453    6.2764    6.3293    6.5449

 Heat of formation   =       -138.85490384 kcal/mol  (       -6.02120046 eV)

 Total SCF energy    =    -100935.58037472 kcal/mol  (    -4376.89520726 eV)
 Electronic energy   =    -672470.72746854 kcal/mol  (   -29160.51894838 eV)
 Core-core repulsion =     571535.14709382 kcal/mol  (    24783.62374111 eV)
 
    Atomic Charges for Step       1 :
  Atom    Element       Mulliken Charge
     1      N                 -0.328
     2      C                 -0.009
     3      C                  0.000
     4      C                 -0.257
     5      O                 -0.312
     6      C                  0.092
     7      N                 -0.143
     8      N                 -0.325
     9      C                  0.319
    10      O                 -0.307
    11      C                 -0.147
    12      C                  0.004
    13      C                  0.288
    14      O                 -0.369
    15      C                  0.022
    16      C                 -0.113
    17      C                 -0.037
    18      C                 -0.070
    19      C                 -0.229
    20      C                 -0.170
    21      C                  0.102
    22      O                 -0.247
    23      O                 -0.303
    24      H                  0.165
    25      H                  0.146
    26      H                  0.130
    27      H                  0.135
    28      H                  0.069
    29      H                  0.091
    30      H                  0.116
    31      H                  0.190
    32      H                  0.155
    33      H                  0.130
    34      H                  0.247
    35      H                  0.147
    36      H                  0.168
    37      H                  0.137
    38      H                  0.139
    39      H                  0.154
    40      H                  0.222
 Total Mulliken Charge =      -0.000
 
                  X        Y        Z     TOTAL  
  QM DIPOLE    -1.422   -2.875   -0.446    3.238
 
 Final Structure

  QMMM: QM Region Cartesian Coordinates (*=link atom) 
  QMMM: QM_NO.   MM_NO.  ATOM         X         Y         Z
  QMMM:     1        1      N       -1.6943   -2.1823   -2.1633
  QMMM:     2        2      C       -1.9561   -1.7191   -0.8158
  QMMM:     3        3      C       -1.6328   -2.7198    0.3370
  QMMM:     4        4      C       -2.8786   -3.5071    0.6970
  QMMM:     5        5      O       -0.5498   -3.5705    0.0045
  QMMM:     6        6      C       -1.2097   -0.4192   -0.5608
  QMMM:     7        7      N        0.1025   -0.3222   -0.3874
  QMMM:     8        8      N       -1.8906    0.8360   -0.4807
  QMMM:     9        9      C       -0.8977    1.8356   -0.2468
  QMMM:    10       10      O       -1.1158    3.0446   -0.1436
  QMMM:    11       11      C        0.4009    1.0599   -0.1713
  QMMM:    12       12      C       -3.2448    1.1048   -0.8183
  QMMM:    13       13      C       -4.2428    0.6993    0.2528
  QMMM:    14       14      O       -4.3752   -0.3809    0.8343
  QMMM:    15       15      C        1.5841    1.6686    0.0495
  QMMM:    16       16      C        2.8985    1.0760    0.1436
  QMMM:    17       17      C        3.1164   -0.2827    0.4147
  QMMM:    18       18      C        4.0133    1.9225   -0.0330
  QMMM:    19       19      C        4.4104   -0.7909    0.4965
  QMMM:    20       20      C        5.3075    1.4315    0.0391
  QMMM:    21       21      C        5.5038    0.0638    0.3046
  QMMM:    22       22      O        6.8062   -0.3676    0.3665
  QMMM:    23       23      O       -5.1367    1.6789    0.5468
  QMMM:    24       24      H       -0.7083   -2.2897   -2.3159
  QMMM:    25       25      H       -2.1411   -3.0692   -2.3004
  QMMM:    26       26      H       -3.0701   -1.5076   -0.7526
  QMMM:    27       27      H       -1.2637   -2.1510    1.2377
  QMMM:    28       28      H       -3.2746   -4.0502   -0.1947
  QMMM:    29       29      H       -2.6384   -4.2536    1.4914
  QMMM:    30       30      H       -3.6685   -2.8125    1.0766
  QMMM:    31       31      H       -0.8934   -4.2852   -0.5455
  QMMM:    32       32      H       -3.3518    2.2165   -1.0018
  QMMM:    33       33      H       -3.5396    0.5419   -1.7531
  QMMM:    34       34      H       -5.7642    1.3632    1.2187
  QMMM:    35       35      H        1.5541    2.7733    0.1590
  QMMM:    36       36      H        2.2693   -0.9683    0.5762
  QMMM:    37       37      H        3.8540    2.9931   -0.2385
  QMMM:    38       38      H        4.5705   -1.8575    0.7091
  QMMM:    39       39      H        6.1780    2.0865   -0.1053
  QMMM:    40       40      H        6.7991   -1.3189    0.5496

           --------- Calculation Completed ----------

